<?xml version="1.0" encoding="UTF-8"?>
<!-- Generated by org.testng.reporters.JUnitReportReporter -->
<testsuite hostname="PQA-0327LT" name="ShoseWebsite.TestSignIn" tests="2" failures="0" timestamp="9 Sep 2016 21:59:28 GMT" time="88.068" errors="0">
  <testcase name="testSignInWithBadInfo" time="39.726" classname="ShoseWebsite.TestSignIn"/>
  <testcase name="testSignInWithCorrectInfo" time="48.342" classname="ShoseWebsite.TestSignIn"/>
</testsuite> <!-- ShoseWebsite.TestSignIn -->
