<?xml version="1.0" encoding="UTF-8"?>
<!-- Generated by org.testng.reporters.JUnitReportReporter -->
<testsuite hostname="PQA-0327LT" name="ShoseWebsite.TestAddToWishList" tests="1" failures="0" timestamp="14 Sep 2016 18:37:12 GMT" time="57.702" errors="0">
  <testcase name="testAddShoesToBag" time="57.702" classname="ShoseWebsite.TestAddToWishList"/>
</testsuite> <!-- ShoseWebsite.TestAddToWishList -->
