<?xml version="1.0" encoding="UTF-8"?>
<!-- Generated by org.testng.reporters.JUnitReportReporter -->
<testsuite hostname="PQA-0327LT" name="ShoseWebsite.TestSelectItem" tests="1" failures="0" timestamp="14 Sep 2016 18:08:33 GMT" time="75.275" errors="0">
  <testcase name="testFilterSizeOfShoes" time="75.275" classname="ShoseWebsite.TestSelectItem"/>
</testsuite> <!-- ShoseWebsite.TestSelectItem -->
