<?xml version="1.0" encoding="UTF-8"?>
<!-- Generated by org.testng.reporters.JUnitReportReporter -->
<testsuite hostname="PQA-0327LT" name="ShoseWebsite.TestFilterShoesUS" tests="1" failures="0" timestamp="26 Sep 2016 19:03:53 GMT" time="52.991" errors="0">
  <testcase name="testFilterSizeOfShoes" time="52.991" classname="ShoseWebsite.TestFilterShoesUS"/>
</testsuite> <!-- ShoseWebsite.TestFilterShoesUS -->
