<?xml version="1.0" encoding="UTF-8"?>
<!-- Generated by org.testng.reporters.JUnitReportReporter -->
<testsuite hostname="PQA-0327LT" name="ShoseWebsite.TestFilterShoes" tests="1" failures="0" timestamp="14 Sep 2016 17:52:27 GMT" time="69.408" errors="0">
  <testcase name="testFilterSizeOfShoes" time="69.408" classname="ShoseWebsite.TestFilterShoes"/>
</testsuite> <!-- ShoseWebsite.TestFilterShoes -->
