<?xml version="1.0" encoding="UTF-8"?>
<!-- Generated by org.testng.reporters.JUnitReportReporter -->
<testsuite hostname="PQA-0327LT" name="ShoseWebsite.TestSignInUS" tests="2" failures="0" timestamp="26 Sep 2016 21:33:15 GMT" time="67.170" errors="0">
  <testcase name="testSignInWithCorrectInfo" time="52.624" classname="ShoseWebsite.TestSignInUS"/>
  <testcase name="testSignInWithBadInfo" time="14.546" classname="ShoseWebsite.TestSignInUS"/>
</testsuite> <!-- ShoseWebsite.TestSignInUS -->
