<?xml version="1.0" encoding="UTF-8"?>
<!-- Generated by org.testng.reporters.JUnitReportReporter -->
<testsuite hostname="PQA-0327LT" name="ShoseWebsite.TestFilterShoes" tests="1" failures="0" timestamp="22 Sep 2016 15:55:10 GMT" time="44.362" errors="0">
  <testcase name="testFilterSizeOfShoes" time="44.362" classname="ShoseWebsite.TestFilterShoes"/>
</testsuite> <!-- ShoseWebsite.TestFilterShoes -->
