<?xml version="1.0" encoding="UTF-8"?>
<!-- Generated by org.testng.reporters.JUnitReportReporter -->
<testsuite hostname="PQA-0327LT" name="ShoseWebsite.TestShoesSearchUS" tests="1" failures="0" timestamp="26 Sep 2016 18:32:43 GMT" time="35.785" errors="0">
  <testcase name="testShoesSearchUS" time="35.785" classname="ShoseWebsite.TestShoesSearchUS"/>
</testsuite> <!-- ShoseWebsite.TestShoesSearchUS -->
