<?xml version="1.0" encoding="UTF-8"?>
<!-- Generated by org.testng.reporters.JUnitReportReporter -->
<testsuite hostname="PQA-0327LT" name="ShoseWebsite.TestAddToBag" tests="1" failures="0" timestamp="14 Sep 2016 18:32:56 GMT" time="58.807" errors="0">
  <testcase name="testAddShoesToBag" time="58.807" classname="ShoseWebsite.TestAddToBag"/>
</testsuite> <!-- ShoseWebsite.TestAddToBag -->
