<?xml version="1.0" encoding="UTF-8"?>
<!-- Generated by org.testng.reporters.JUnitReportReporter -->
<testsuite hostname="PQA-0327LT" name="ShoseWebsite.TestNaviBarUS" tests="1" failures="0" timestamp="26 Sep 2016 18:52:47 GMT" time="43.413" errors="0">
  <testcase name="testNavigationToManShoes" time="43.413" classname="ShoseWebsite.TestNaviBarUS"/>
</testsuite> <!-- ShoseWebsite.TestNaviBarUS -->
