<?xml version="1.0" encoding="UTF-8"?>
<!-- Generated by org.testng.reporters.JUnitReportReporter -->
<testsuite hostname="PQA-0327LT" name="ShoseWebsite.TestNaviBar" tests="1" failures="0" timestamp="22 Sep 2016 16:07:13 GMT" time="34.447" errors="0">
  <testcase name="testNavigationToManShoes" time="34.447" classname="ShoseWebsite.TestNaviBar"/>
</testsuite> <!-- ShoseWebsite.TestNaviBar -->
