<?xml version="1.0" encoding="UTF-8"?>
<!-- Generated by org.testng.reporters.JUnitReportReporter -->
<testsuite hostname="PQA-0327LT" name="ShoseWebsite.TestFilterShoesUS" tests="1" failures="0" timestamp="26 Sep 2016 21:38:00 GMT" time="75.446" errors="0">
  <testcase name="testFilterSizeOfShoes" time="75.446" classname="ShoseWebsite.TestFilterShoesUS"/>
</testsuite> <!-- ShoseWebsite.TestFilterShoesUS -->
