<?xml version="1.0" encoding="UTF-8"?>
<!-- Generated by org.testng.reporters.JUnitReportReporter -->
<testsuite hostname="PQA-0327LT" name="ShoseWebsite.TestShoesSearch" tests="1" failures="0" timestamp="19 Sep 2016 17:00:20 GMT" time="37.706" errors="0">
  <testcase name="testAddShoesToWishList" time="37.706" classname="ShoseWebsite.TestShoesSearch"/>
</testsuite> <!-- ShoseWebsite.TestShoesSearch -->
