<?xml version="1.0" encoding="UTF-8"?>
<!-- Generated by org.testng.reporters.JUnitReportReporter -->
<testsuite hostname="PQA-0327LT" name="ShoseWebsite.TestSignIn" tests="2" failures="0" timestamp="14 Sep 2016 17:27:18 GMT" time="107.267" errors="0">
  <testcase name="testSignInWithBadInfo" time="38.419" classname="ShoseWebsite.TestSignIn"/>
  <testcase name="testSignInWithCorrectInfo" time="68.848" classname="ShoseWebsite.TestSignIn"/>
</testsuite> <!-- ShoseWebsite.TestSignIn -->
