<?xml version="1.0" encoding="UTF-8"?>
<!-- Generated by org.testng.reporters.JUnitReportReporter -->
<testsuite hostname="PQA-0327LT" name="ShoseWebsite.TestAddToWishList" tests="1" failures="0" timestamp="14 Sep 2016 20:28:38 GMT" time="67.410" errors="0">
  <testcase name="testAddShoesToWishList" time="67.410" classname="ShoseWebsite.TestAddToWishList"/>
</testsuite> <!-- ShoseWebsite.TestAddToWishList -->
