<?xml version="1.0" encoding="UTF-8"?>
<!-- Generated by org.testng.reporters.JUnitReportReporter -->
<testsuite hostname="PQA-0327LT" name="ShoseWebsite.TestSelectItem" tests="1" failures="0" timestamp="14 Sep 2016 20:28:38 GMT" time="75.625" errors="0">
  <testcase name="testSelectShoes" time="75.625" classname="ShoseWebsite.TestSelectItem"/>
</testsuite> <!-- ShoseWebsite.TestSelectItem -->
