<?xml version="1.0" encoding="UTF-8"?>
<!-- Generated by org.testng.reporters.JUnitReportReporter -->
<testsuite hostname="PQA-0327LT" name="ShoseWebsite.TestShoesSearch" tests="1" failures="0" timestamp="14 Sep 2016 20:28:38 GMT" time="62.171" errors="0">
  <testcase name="testAddShoesToWishList" time="62.171" classname="ShoseWebsite.TestShoesSearch"/>
</testsuite> <!-- ShoseWebsite.TestShoesSearch -->
