<?xml version="1.0" encoding="UTF-8"?>
<!-- Generated by org.testng.reporters.JUnitReportReporter -->
<testsuite hostname="PQA-0327LT" name="ShoseWebsite.TestFilterShoes" tests="1" failures="0" timestamp="14 Sep 2016 20:28:38 GMT" time="63.155" errors="0">
  <testcase name="testFilterSizeOfShoes" time="63.155" classname="ShoseWebsite.TestFilterShoes"/>
</testsuite> <!-- ShoseWebsite.TestFilterShoes -->
