<?xml version="1.0" encoding="UTF-8"?>
<!-- Generated by org.testng.reporters.JUnitReportReporter -->
<testsuite hostname="PQA-0327LT" name="ShoseWebsite.TestSignIn" tests="2" failures="0" timestamp="14 Sep 2016 20:28:38 GMT" time="100.336" errors="0">
  <testcase name="testSignInWithBadInfo" time="38.657" classname="ShoseWebsite.TestSignIn"/>
  <testcase name="testSignInWithCorrectInfo" time="61.679" classname="ShoseWebsite.TestSignIn"/>
</testsuite> <!-- ShoseWebsite.TestSignIn -->
